INFO [2025-10-30 13:32:25] $x
INFO [2025-10-30 13:32:25] venn_list
INFO [2025-10-30 13:32:25] 
INFO [2025-10-30 13:32:25] $filename
INFO [2025-10-30 13:32:25] NULL
INFO [2025-10-30 13:32:25] 
INFO [2025-10-30 13:32:25] $category.names
INFO [2025-10-30 13:32:25] c("5kb", "10kb", "25kb")
INFO [2025-10-30 13:32:25] 
INFO [2025-10-30 13:32:25] $col
INFO [2025-10-30 13:32:25] [1] "transparent"
INFO [2025-10-30 13:32:25] 
INFO [2025-10-30 13:32:25] $fill
INFO [2025-10-30 13:32:25] c("#d73027", "#4575b4", "#1b7837")
INFO [2025-10-30 13:32:25] 
INFO [2025-10-30 13:32:25] $alpha
INFO [2025-10-30 13:32:25] [1] 0.5
INFO [2025-10-30 13:32:25] 
INFO [2025-10-30 13:32:25] $cex
INFO [2025-10-30 13:32:25] [1] 1.5
INFO [2025-10-30 13:32:25] 
INFO [2025-10-30 13:32:25] $cat.cex
INFO [2025-10-30 13:32:25] [1] 1.5
INFO [2025-10-30 13:32:25] 
INFO [2025-10-30 13:32:25] $cat.fontface
INFO [2025-10-30 13:32:25] [1] "bold"
INFO [2025-10-30 13:32:25] 
INFO [2025-10-30 13:32:25] $main
INFO [2025-10-30 13:32:25] [1] "Differential Loops Across Resolutions"
INFO [2025-10-30 13:32:25] 
INFO [2025-10-30 13:32:25] $main.cex
INFO [2025-10-30 13:32:25] [1] 1.8
INFO [2025-10-30 13:32:25] 
