INFO [2025-10-23 13:43:08] $x
INFO [2025-10-23 13:43:08] venn_list
INFO [2025-10-23 13:43:08] 
INFO [2025-10-23 13:43:08] $filename
INFO [2025-10-23 13:43:08] NULL
INFO [2025-10-23 13:43:08] 
INFO [2025-10-23 13:43:08] $category.names
INFO [2025-10-23 13:43:08] c("5kb", "10kb", "25kb")
INFO [2025-10-23 13:43:08] 
INFO [2025-10-23 13:43:08] $col
INFO [2025-10-23 13:43:08] [1] "transparent"
INFO [2025-10-23 13:43:08] 
INFO [2025-10-23 13:43:08] $fill
INFO [2025-10-23 13:43:08] c("#d73027", "#4575b4", "#1b7837")
INFO [2025-10-23 13:43:08] 
INFO [2025-10-23 13:43:08] $alpha
INFO [2025-10-23 13:43:08] [1] 0.5
INFO [2025-10-23 13:43:08] 
INFO [2025-10-23 13:43:08] $cex
INFO [2025-10-23 13:43:08] [1] 1.5
INFO [2025-10-23 13:43:08] 
INFO [2025-10-23 13:43:08] $cat.cex
INFO [2025-10-23 13:43:08] [1] 1.5
INFO [2025-10-23 13:43:08] 
INFO [2025-10-23 13:43:08] $cat.fontface
INFO [2025-10-23 13:43:08] [1] "bold"
INFO [2025-10-23 13:43:08] 
INFO [2025-10-23 13:43:08] $main
INFO [2025-10-23 13:43:08] [1] "Differential Loops Across Resolutions"
INFO [2025-10-23 13:43:08] 
INFO [2025-10-23 13:43:08] $main.cex
INFO [2025-10-23 13:43:08] [1] 1.8
INFO [2025-10-23 13:43:08] 
