=========================================
Mariner edgeR - Test Run
=========================================
Job ID: 43528092
Node: exp-2-22
Start time: Mon Oct 20 04:13:57 PDT 2025
=========================================

Environment check:
/home/zalibhai/.conda/envs/mariner_env/bin/R
R version 4.4.2 (2024-10-31) -- "Pile of Leaves"

Starting extraction script...
Warning messages:
1: package ‘yaml’ was built under R version 4.4.3 
2: package ‘matrixStats’ was built under R version 4.4.3 

=================================================================
edgeR Differential Loop Analysis - No Replicate Design
=================================================================

Start time: 2025-10-20 04:14:05 
edgeR version: Error in cat("edgeR version:", packageVersion("edgeR"), "\n") : 
  argument 2 (type 'list') cannot be handled by 'cat'
Execution halted

❌ Extraction failed with exit code 0
End time: Mon Oct 20 04:14:05 PDT 2025
=========================================
