=========================================
Mariner edgeR - Test Run
=========================================
Job ID: 43527703
Node: exp-2-22
Start time: Mon Oct 20 03:49:07 PDT 2025
=========================================

Environment check:
/home/zalibhai/.conda/envs/mariner_env/bin/R
R version 4.4.2 (2024-10-31) -- "Pile of Leaves"

Starting extraction script...
Warning messages:
1: package ‘matrixStats’ was built under R version 4.4.3 
2: package ‘yaml’ was built under R version 4.4.3 
Error in "=" * 80 : non-numeric argument to binary operator
Calls: cat
Execution halted

❌ Extraction failed with exit code 0
End time: Mon Oct 20 03:49:16 PDT 2025
=========================================
