=========================================
Mariner edgeR - Test Run
=========================================
Job ID: 43527819
Node: exp-4-16
Start time: Mon Oct 20 03:52:22 PDT 2025
=========================================

Environment check:
/home/zalibhai/.conda/envs/mariner_env/bin/R
R version 4.4.2 (2024-10-31) -- "Pile of Leaves"

Starting extraction script...
Warning messages:
1: package ‘matrixStats’ was built under R version 4.4.3 
2: package ‘yaml’ was built under R version 4.4.3 
edgeR Differential Loop Analysis
Started: 2025-10-20 03:52:31 
✓ Configuration loaded from: config/analysis_params.yaml 
✓ Created directory: ${output_base}/tables 
✓ Created directory: ${output_base}/plots 
✓ Created directory: ${output_base}/reports 
✓ Created directory: ${base_dir}/outputs/logs 

❌ Extraction failed with exit code 0
End time: Mon Oct 20 03:52:32 PDT 2025
=========================================
